<?xml version="1.0" encoding="UTF-8"?>
<!-- Generated by org.testng.reporters.JUnitReportReporter -->
<testsuite hostname="Venu" failures="0" tests="1" name="com.venucvg.TestNG.NewTest" time="0.961" errors="0" timestamp="2023-02-23T23:26:23 IST" skipped="0">
  <testcase classname="com.venucvg.TestNG.NewTest" name="Google" time="0.961"/>
  <system-out/>
</testsuite> <!-- com.venucvg.TestNG.NewTest -->
