<?xml version="1.0" encoding="UTF-8"?>
<!-- Generated by org.testng.reporters.JUnitReportReporter -->
<testsuite hostname="Venu" failures="0" tests="1" name="com.venucvg.TestNG.TestApplicationProperties" time="32.555" errors="0" timestamp="2023-02-23T23:21:12 IST" skipped="0">
  <testcase classname="com.venucvg.TestNG.TestApplicationProperties" name="TestURL" time="32.555"/>
  <system-out/>
</testsuite> <!-- com.venucvg.TestNG.TestApplicationProperties -->
